<?xml version="1.0" encoding="UTF-8"?>
<!-- Generated by org.testng.reporters.JUnitXMLReporter -->
<testsuite hostname="JYoga" ignored="3" name="Test" tests="3" failures="0" timestamp="04 Jan 2022 03:31:06 GMT" time="0.201" errors="0">
  <testcase name="tc1" time="0.043" classname="org.sample.SmokeSanity"/>
  <testcase name="tc3" time="0.003" classname="org.sample.SmokeSanity"/>
  <testcase name="tc5" time="0.007" classname="org.sample.SmokeSanity"/>
  <testcase name="tc2" time="0.0" classname="org.sample.SmokeSanity">
    <ignored/>
  </testcase> <!-- tc2 -->
  <testcase name="tc6" time="0.0" classname="org.sample.SmokeSanity">
    <ignored/>
  </testcase> <!-- tc6 -->
  <testcase name="tc4" time="0.0" classname="org.sample.SmokeSanity">
    <ignored/>
  </testcase> <!-- tc4 -->
</testsuite> <!-- Test -->
