<?xml version="1.0" encoding="UTF-8"?>
<testng-results skipped="0" failed="0" ignored="0" total="2" passed="2">
  <reporter-output>
  </reporter-output>
  <suite name="Suite" duration-ms="55319" started-at="2022-03-30T10:14:50Z" finished-at="2022-03-30T10:15:46Z">
    <groups>
    </groups>
    <test name="Edge" duration-ms="52102" started-at="2022-03-30T10:14:50Z" finished-at="2022-03-30T10:15:43Z">
      <class name="org.question6.CrossBrowser">
        <test-method status="PASS" signature="tc1(java.lang.String)[pri:0, instance:org.question6.CrossBrowser@271053e1]" name="tc1" duration-ms="51989" started-at="2022-03-30T15:44:51Z" finished-at="2022-03-30T15:45:43Z">
          <params>
            <param index="0">
              <value>
                <![CDATA[edge]]>
              </value>
            </param>
          </params>
          <reporter-output>
          </reporter-output>
        </test-method> <!-- tc1 -->
      </class> <!-- org.question6.CrossBrowser -->
    </test> <!-- Edge -->
    <test name="Chrome" duration-ms="55319" started-at="2022-03-30T10:14:50Z" finished-at="2022-03-30T10:15:46Z">
      <class name="org.question6.CrossBrowser">
        <test-method status="PASS" signature="tc1(java.lang.String)[pri:0, instance:org.question6.CrossBrowser@7d9d1a19]" name="tc1" duration-ms="55215" started-at="2022-03-30T15:44:51Z" finished-at="2022-03-30T15:45:46Z">
          <params>
            <param index="0">
              <value>
                <![CDATA[Chrom]]>
              </value>
            </param>
          </params>
          <reporter-output>
          </reporter-output>
        </test-method> <!-- tc1 -->
      </class> <!-- org.question6.CrossBrowser -->
    </test> <!-- Chrome -->
  </suite> <!-- Suite -->
</testng-results>
