<?xml version="1.0" encoding="UTF-8"?>
<testng-results skipped="0" failed="0" ignored="0" total="1" passed="1">
  <reporter-output>
  </reporter-output>
  <suite name="Default suite" duration-ms="43463" started-at="2022-01-25T12:04:02Z" finished-at="2022-01-25T12:04:45Z">
    <groups>
    </groups>
    <test name="Default test" duration-ms="43463" started-at="2022-01-25T12:04:02Z" finished-at="2022-01-25T12:04:45Z">
      <class name="org.question8.Question8">
        <test-method status="PASS" signature="tc()[pri:0, instance:org.question8.Question8@968a59]" name="tc" duration-ms="43391" started-at="2022-01-25T17:34:02Z" finished-at="2022-01-25T17:34:45Z">
          <reporter-output>
          </reporter-output>
        </test-method> <!-- tc -->
      </class> <!-- org.question8.Question8 -->
    </test> <!-- Default test -->
  </suite> <!-- Default suite -->
</testng-results>
